2025-11-24 02:00:06 - ═══════════════════════════════════════════════════════════════════════════
2025-11-24 02:00:06 - VÉRIFICATION PRÉREQUIS
2025-11-24 02:00:06 - ═══════════════════════════════════════════════════════════════════════════
2025-11-24 02:00:06 - [1/3] Git...
2025-11-24 02:00:06 - ✓ Git : git version 2.51.0
2025-11-24 02:00:06 - [2/3] GitHub CLI...
2025-11-24 02:00:06 - ✓ gh : gh version 2.46.0 (2025-01-13 Debian 2.46.0-3)
2025-11-24 02:00:06 - [3/3] Authentification GitHub...
2025-11-24 02:00:07 - ✓ Authentification active
2025-11-24 02:00:07 - ═══════════════════════════════════════════════════════════════════════════
2025-11-24 02:00:07 - ✓ TOUS PRÉREQUIS OK
2025-11-24 02:00:07 - ═══════════════════════════════════════════════════════════════════════════
2025-11-24 02:00:07 - ═══════════════════════════════════════════════════════════════════════════
2025-11-24 02:00:07 - CRÉATION DÉPÔT GIT COMPLET
2025-11-24 02:00:07 - ═══════════════════════════════════════════════════════════════════════════
2025-11-24 02:00:07 - [1/8] Répertoire local: /mnt/data2_78g/Security/scripts/Projects_system/systemctl_mounting
2025-11-24 02:00:07 - → Répertoire existe, conservation fichiers
2025-11-24 02:00:07 - ✓ Accès répertoire OK
2025-11-24 02:00:07 - [2/8] Vérification Git...
2025-11-24 02:00:07 - → Initialisation nouveau dépôt Git (branche main)
2025-11-24 02:00:07 - [3/8] Fichiers de base...
2025-11-24 02:00:07 - → README.md existe, SKIP création
2025-11-24 02:00:07 - → Pas de .gitignore demandé
2025-11-24 02:00:07 - [4/8] Dépôt distant GitHub...
2025-11-24 02:00:09 - ✓ Dépôt distant créé
2025-11-24 02:00:09 - [5/8] Remote origin...
2025-11-24 02:00:09 - ✓ Remote configurée
2025-11-24 02:00:09 - [6/8] Commit initial et push vers main...
2025-11-24 02:00:09 - → Fichiers ajoutés au staging
2025-11-24 02:00:09 - → Commit initial créé
2025-11-24 02:00:09 - → Push vers main réussi
2025-11-24 02:00:09 - ✓ Branche main avec tous les fichiers sur GitHub
2025-11-24 02:00:09 - [7/8] Création branche working...
2025-11-24 02:00:09 - → Branche working créée
2025-11-24 02:00:09 - → Checkout vers working réussi
2025-11-24 02:00:10 - → Push vers working réussi
2025-11-24 02:00:10 - ✓ Branche working avec tous les fichiers sur GitHub
2025-11-24 02:00:10 - [8/8] Vérification finale...
2025-11-24 02:00:10 - → Branche actuelle: working
2025-11-24 02:00:10 - ✓ Configuration terminée
2025-11-24 02:00:10 - ═══════════════════════════════════════════════════════════════════════════
2025-11-24 02:00:10 - ✓ DÉPÔT CRÉÉ AVEC SUCCÈS
2025-11-24 02:00:10 - ═══════════════════════════════════════════════════════════════════════════
2025-11-24 02:00:10 - 
2025-11-24 02:00:10 - INFOS:
2025-11-24 02:00:10 -   • Nom       : systemctl_mounting
2025-11-24 02:00:10 -   • Owner     : bdelnoz
2025-11-24 02:00:10 -   • Visibilité: private
2025-11-24 02:00:10 -   • Local     : /mnt/data2_78g/Security/scripts/Projects_system/systemctl_mounting
2025-11-24 02:00:10 -   • Distant   : https://github.com/bdelnoz/systemctl_mounting
2025-11-24 02:00:10 -   • Branches  : main (avec fichiers), working (avec fichiers, ACTIVE)
2025-11-24 02:00:10 -   • Commits   : Initial commit fait automatiquement
2025-11-24 02:00:10 -   • Push      : main et working synchronisés sur GitHub
2025-11-24 02:00:10 - 
2025-11-24 02:00:10 - ✓ Les deux branches (main et working) contiennent tous les fichiers locaux
2025-11-24 02:00:10 - ✓ Tu es actuellement sur la branche 'working'
2025-11-24 02:00:10 - 
2025-11-24 02:00:10 - ═══════════════════════════════════════════════════════════════════════════
2025-11-24 02:00:10 - 
2025-11-24 02:00:10 - ═══════════════════════════════════════════════════════════════════════════
2025-11-24 02:00:10 - Script terminé: 2025-11-24 02:00:10
2025-11-24 02:00:10 - ═══════════════════════════════════════════════════════════════════════════
2025-11-24 02:00:19 - ✗ ERREUR: Argument inconnu '/mnt/data2_78g/Security/scripts/Projects_system/systemctl_mounting'
2025-11-24 02:00:35 - ✗ ERREUR: Argument inconnu '/mnt/data2_78g/Security/scripts/Projects_system/systemctl_mounting'
2025-11-24 02:00:57 - ═══════════════════════════════════════════════════════════════════════════
2025-11-24 02:00:57 - VÉRIFICATION PRÉREQUIS
2025-11-24 02:00:57 - ═══════════════════════════════════════════════════════════════════════════
2025-11-24 02:00:57 - [1/3] Git...
2025-11-24 02:00:57 - ✓ Git : git version 2.51.0
2025-11-24 02:00:57 - [2/3] GitHub CLI...
2025-11-24 02:00:57 - ✓ gh : gh version 2.46.0 (2025-01-13 Debian 2.46.0-3)
2025-11-24 02:00:57 - [3/3] Authentification GitHub...
2025-11-24 02:00:57 - ✓ Authentification active
2025-11-24 02:00:57 - ═══════════════════════════════════════════════════════════════════════════
2025-11-24 02:00:57 - ✓ TOUS PRÉREQUIS OK
2025-11-24 02:00:57 - ═══════════════════════════════════════════════════════════════════════════
2025-11-24 02:00:57 - ═══════════════════════════════════════════════════════════════════════════
2025-11-24 02:00:57 - CRÉATION DÉPÔT GIT COMPLET
2025-11-24 02:00:57 - ═══════════════════════════════════════════════════════════════════════════
2025-11-24 02:00:57 - ✗ ERREUR : Nom dépôt vide
2025-11-24 02:01:16 - ✗ ERREUR: Argument inconnu '/mnt/data2_78g/Security/scripts/Projects_system/systemctl_mounting'
2025-11-24 02:06:28 - ✗ ERREUR: Argument inconnu '/mnt/data2_78g/Security/scripts/Projects_system/systemctl_mounting'
2025-11-24 02:06:54 - ═══════════════════════════════════════════════════════════════════════════
2025-11-24 02:06:54 - VÉRIFICATION PRÉREQUIS
2025-11-24 02:06:54 - ═══════════════════════════════════════════════════════════════════════════
2025-11-24 02:06:54 - [1/3] Git...
2025-11-24 02:06:54 - ✓ Git : git version 2.51.0
2025-11-24 02:06:54 - [2/3] GitHub CLI...
2025-11-24 02:06:54 - ✓ gh : gh version 2.46.0 (2025-01-13 Debian 2.46.0-3)
2025-11-24 02:06:54 - [3/3] Authentification GitHub...
2025-11-24 02:06:55 - ✓ Authentification active
2025-11-24 02:06:55 - ═══════════════════════════════════════════════════════════════════════════
2025-11-24 02:06:55 - ✓ TOUS PRÉREQUIS OK
2025-11-24 02:06:55 - ═══════════════════════════════════════════════════════════════════════════
2025-11-24 02:06:55 - ═══════════════════════════════════════════════════════════════════════════
2025-11-24 02:06:55 - CRÉATION DÉPÔT GIT COMPLET
2025-11-24 02:06:55 - ═══════════════════════════════════════════════════════════════════════════
2025-11-24 02:06:55 - [1/8] Répertoire local: /mnt/data2_78g/Security/scripts/Projects_system/systemctl_mounting
2025-11-24 02:06:55 - → Répertoire existe, conservation fichiers
2025-11-24 02:06:55 - ✓ Accès répertoire OK
2025-11-24 02:06:55 - [2/8] Vérification Git...
2025-11-24 02:06:55 - → Dépôt Git existant détecté, conservation historique
2025-11-24 02:06:55 - ⚠ Remote origin existe: https://github.com/bdelnoz/systemctl_mounting.git
2025-11-24 02:06:55 - → Suppression ancienne remote
2025-11-24 02:06:55 - [3/8] Fichiers de base...
2025-11-24 02:06:55 - → README.md existe, SKIP création
2025-11-24 02:06:55 - → Pas de .gitignore demandé
2025-11-24 02:06:55 - [4/8] Dépôt distant GitHub...
2025-11-24 02:06:57 - ✓ Dépôt distant créé
2025-11-24 02:06:57 - [5/8] Remote origin...
2025-11-24 02:06:57 - ✓ Remote configurée
2025-11-24 02:06:57 - [6/8] Commit initial et push vers main...
