2025-11-24 02:04:33 - ✗ ERREUR: Argument inconnu 'systemctl_mounting'
2025-11-24 02:04:49 - ═══════════════════════════════════════════════════════════════════════════
2025-11-24 02:04:49 - VÉRIFICATION PRÉREQUIS
2025-11-24 02:04:49 - ═══════════════════════════════════════════════════════════════════════════
2025-11-24 02:04:49 - [1/3] Git...
2025-11-24 02:04:49 - ✓ Git : git version 2.51.0
2025-11-24 02:04:49 - [2/3] GitHub CLI...
2025-11-24 02:04:50 - ✓ gh : gh version 2.46.0 (2025-01-13 Debian 2.46.0-3)
2025-11-24 02:04:50 - [3/3] Authentification GitHub...
2025-11-24 02:04:50 - ✓ Authentification active
2025-11-24 02:04:50 - ═══════════════════════════════════════════════════════════════════════════
2025-11-24 02:04:50 - ✓ TOUS PRÉREQUIS OK
2025-11-24 02:04:50 - ═══════════════════════════════════════════════════════════════════════════
2025-11-24 02:04:50 - ═══════════════════════════════════════════════════════════════════════════
2025-11-24 02:04:50 - SUPPRESSION DÉPÔT DISTANT
2025-11-24 02:04:50 - ═══════════════════════════════════════════════════════════════════════════
2025-11-24 02:05:02 - ✓ Suppression distante terminée
2025-11-24 02:05:02 - 
2025-11-24 02:05:02 - ═══════════════════════════════════════════════════════════════════════════
2025-11-24 02:05:02 - Script terminé: 2025-11-24 02:05:02
2025-11-24 02:05:02 - ═══════════════════════════════════════════════════════════════════════════
2025-11-24 02:05:39 - ✗ ERREUR: Argument inconnu '/mnt/data2_78g/Security/scripts/Projects_system/systemctl_mounting'
